Build started Jun 8, 2021 8:24:01 AM.
     1>Project "D:\Important Projects\Product\Product\Product.vcxproj" on node 2 (Build target(s)).
     1>ClCompile:
         C:\Program Files (x86)\Microsoft Visual Studio 12.0\VC\bin\CL.exe /c /ZI /nologo /W3 /WX- /sdl /Od /Oy- /D WIN32 /D _DEBUG /D _CONSOLE /D _LIB /D _UNICODE /D UNICODE /Gm /EHsc /RTC1 /MDd /GS /fp:precise /Zc:wchar_t /Zc:forScope /Fo"Debug\\" /Fd"Debug\vc120.pdb" /Gd /TP /analyze- /errorReport:prompt Admin.cpp Cart.cpp Customer.cpp Main.cpp product.cpp seller.cpp
         seller.cpp
         product.cpp
     1>d:\important projects\product\product\product.cpp(40): warning C4244: 'argument' : conversion from 'double' to 'float', possible loss of data
     1>d:\important projects\product\product\product.cpp(125): warning C4101: 'star' : unreferenced local variable
         Main.cpp
         Customer.cpp
         Cart.cpp
     1>d:\important projects\product\product\cart.cpp(20): warning C4018: '<' : signed/unsigned mismatch
     1>d:\important projects\product\product\cart.cpp(24): warning C4244: 'initializing' : conversion from 'double' to 'float', possible loss of data
     1>d:\important projects\product\product\cart.cpp(40): warning C4018: '<' : signed/unsigned mismatch
     1>d:\important projects\product\product\cart.cpp(52): warning C4018: '<' : signed/unsigned mismatch
     1>d:\important projects\product\product\cart.cpp(61): warning C4244: '-=' : conversion from 'double' to 'float', possible loss of data
         Admin.cpp
         Generating Code...
       Link:
         C:\Program Files (x86)\Microsoft Visual Studio 12.0\VC\bin\link.exe /ERRORREPORT:PROMPT /OUT:"D:\Important Projects\Product\Debug\Online Market Place.exe" /INCREMENTAL /NOLOGO kernel32.lib user32.lib gdi32.lib winspool.lib comdlg32.lib advapi32.lib shell32.lib ole32.lib oleaut32.lib uuid.lib odbc32.lib odbccp32.lib /MANIFEST /MANIFESTUAC:"level='asInvoker' uiAccess='false'" /manifest:embed /DEBUG /PDB:"D:\Important Projects\Product\Debug\Online Market Place.pdb" /SUBSYSTEM:CONSOLE /TLBID:1 /DYNAMICBASE /NXCOMPAT /IMPLIB:"D:\Important Projects\Product\Debug\Online Market Place.lib" /MACHINE:X86 Debug\Admin.obj
         Debug\Cart.obj
         Debug\Customer.obj
         Debug\Main.obj
         Debug\product.obj
         Debug\seller.obj
         Product.vcxproj -> D:\Important Projects\Product\Debug\Online Market Place.exe
     1>Done Building Project "D:\Important Projects\Product\Product\Product.vcxproj" (Build target(s)).

Build succeeded.

Time Elapsed 00:00:05.96
